<?xml version="1.0" encoding="utf-8"?><testsuites name="pytest tests"><testsuite name="pytest" errors="0" failures="1" skipped="0" tests="15" time="15.435" timestamp="2026-04-03T06:04:04.046759+00:00" hostname="agent-env-ae3e0cd5-ad72-4b84-93b6-e8db8b514a93"><testcase classname="test_reports.test_onchain_fixes_iter236.TestBackendHealth" name="test_health_endpoint_returns_200" time="0.005" /><testcase classname="test_reports.test_onchain_fixes_iter236.TestConfigPriority" name="test_chain_tx_apis_mempool_first_btc_mainnet" time="0.003" /><testcase classname="test_reports.test_onchain_fixes_iter236.TestConfigPriority" name="test_chain_tx_apis_mempool_first_btc_testnet" time="0.000" /><testcase classname="test_reports.test_onchain_fixes_iter236.TestBlockchainApiPriority" name="test_networks_mempool_first_btc_mainnet" time="0.056" /><testcase classname="test_reports.test_onchain_fixes_iter236.TestBlockchainApiPriority" name="test_networks_mempool_first_btc_testnet" time="0.000" /><testcase classname="test_reports.test_onchain_fixes_iter236.TestTxOutputCache" name="test_tx_output_cache_exists" time="0.006" /><testcase classname="test_reports.test_onchain_fixes_iter236.TestTxOutputCache" name="test_cache_tx_outputs_function_exists" time="0.000" /><testcase classname="test_reports.test_onchain_fixes_iter236.TestTxOutputCache" name="test_cache_max_constant" time="0.000" /><testcase classname="test_reports.test_onchain_fixes_iter236.TestOnchainRouteConfig" name="test_semaphore_value_is_8" time="0.172" /><testcase classname="test_reports.test_onchain_fixes_iter236.TestOnchainRouteConfig" name="test_p2fk_io_fast_path_exists" time="0.002" /><testcase classname="test_reports.test_onchain_fixes_iter236.TestOnchainRouteConfig" name="test_bitfossil_fast_path_exists" time="0.002" /><testcase classname="test_reports.test_onchain_fixes_iter236.TestOnchainFileEndpoint" name="test_onchain_file_returns_202_for_uncached" time="0.004" /><testcase classname="test_reports.test_onchain_fixes_iter236.TestOnchainFileEndpoint" name="test_onchain_status_endpoint" time="15.016"><failure message="requests.exceptions.ReadTimeout: HTTPConnectionPool(host='localhost', port=8001): Read timed out. (read timeout=15)">/root/.venv/lib/python3.11/site-packages/urllib3/connectionpool.py:534: in _make_request
    response = conn.getresponse()
               ^^^^^^^^^^^^^^^^^^
/root/.venv/lib/python3.11/site-packages/urllib3/connection.py:571: in getresponse
    httplib_response = super().getresponse()
                       ^^^^^^^^^^^^^^^^^^^^^
/usr/local/lib/python3.11/http/client.py:1415: in getresponse
    response.begin()
/usr/local/lib/python3.11/http/client.py:330: in begin
    version, status, reason = self._read_status()
                              ^^^^^^^^^^^^^^^^^^^
/usr/local/lib/python3.11/http/client.py:291: in _read_status
    line = str(self.fp.readline(_MAXLINE + 1), "iso-8859-1")
               ^^^^^^^^^^^^^^^^^^^^^^^^^^^^^^
/usr/local/lib/python3.11/socket.py:718: in readinto
    return self._sock.recv_into(b)
           ^^^^^^^^^^^^^^^^^^^^^^^
E   TimeoutError: timed out

The above exception was the direct cause of the following exception:
/root/.venv/lib/python3.11/site-packages/requests/adapters.py:644: in send
    resp = conn.urlopen(
/root/.venv/lib/python3.11/site-packages/urllib3/connectionpool.py:841: in urlopen
    retries = retries.increment(
/root/.venv/lib/python3.11/site-packages/urllib3/util/retry.py:490: in increment
    raise reraise(type(error), error, _stacktrace)
          ^^^^^^^^^^^^^^^^^^^^^^^^^^^^^^^^^^^^^^^^
/root/.venv/lib/python3.11/site-packages/urllib3/util/util.py:39: in reraise
    raise value
/root/.venv/lib/python3.11/site-packages/urllib3/connectionpool.py:787: in urlopen
    response = self._make_request(
/root/.venv/lib/python3.11/site-packages/urllib3/connectionpool.py:536: in _make_request
    self._raise_timeout(err=e, url=url, timeout_value=read_timeout)
/root/.venv/lib/python3.11/site-packages/urllib3/connectionpool.py:367: in _raise_timeout
    raise ReadTimeoutError(
E   urllib3.exceptions.ReadTimeoutError: HTTPConnectionPool(host='localhost', port=8001): Read timed out. (read timeout=15)

During handling of the above exception, another exception occurred:
test_reports/test_onchain_fixes_iter236.py:191: in test_onchain_status_endpoint
    response = requests.get(
/root/.venv/lib/python3.11/site-packages/requests/api.py:73: in get
    return request("get", url, params=params, **kwargs)
           ^^^^^^^^^^^^^^^^^^^^^^^^^^^^^^^^^^^^^^^^^^^^
/root/.venv/lib/python3.11/site-packages/requests/api.py:59: in request
    return session.request(method=method, url=url, **kwargs)
           ^^^^^^^^^^^^^^^^^^^^^^^^^^^^^^^^^^^^^^^^^^^^^^^^^
/root/.venv/lib/python3.11/site-packages/requests/sessions.py:589: in request
    resp = self.send(prep, **send_kwargs)
           ^^^^^^^^^^^^^^^^^^^^^^^^^^^^^^
/root/.venv/lib/python3.11/site-packages/requests/sessions.py:703: in send
    r = adapter.send(request, **kwargs)
        ^^^^^^^^^^^^^^^^^^^^^^^^^^^^^^^
/root/.venv/lib/python3.11/site-packages/requests/adapters.py:690: in send
    raise ReadTimeout(e, request=request)
E   requests.exceptions.ReadTimeout: HTTPConnectionPool(host='localhost', port=8001): Read timed out. (read timeout=15)</failure></testcase><testcase classname="test_reports.test_onchain_fixes_iter236.TestDetectChainEndpoint" name="test_detect_chain_btc_mainnet_address" time="0.003" /><testcase classname="test_reports.test_onchain_fixes_iter236.TestDetectChainEndpoint" name="test_detect_chain_btc_testnet_address" time="0.002" /></testsuite></testsuites>