<?xml version="1.0" encoding="utf-8"?><testsuites name="pytest tests"><testsuite name="pytest" errors="0" failures="0" skipped="0" tests="6" time="0.242" timestamp="2026-04-04T13:29:29.315413+00:00" hostname="agent-env-ae3e0cd5-ad72-4b84-93b6-e8db8b514a93"><testcase classname="backend.tests.test_consume_feedback_iter240.TestHealthEndpoint" name="test_health_shows_sqlite_up" time="0.005" /><testcase classname="backend.tests.test_consume_feedback_iter240.TestSnapshotStatus" name="test_status_returns_valid_json" time="0.006" /><testcase classname="backend.tests.test_consume_feedback_iter240.TestConsumeEndpoint" name="test_consume_fake_cid_returns_clear_error" time="0.174" /><testcase classname="backend.tests.test_consume_feedback_iter240.TestConsumeEndpoint" name="test_consume_missing_cid_returns_error" time="0.006" /><testcase classname="backend.tests.test_consume_feedback_iter240.TestVacuumRateInterval" name="test_rate_interval_in_code" time="0.000" /><testcase classname="backend.tests.test_consume_feedback_iter240.TestConsumeResponseFormat" name="test_consume_response_has_breakdown_fields" time="0.000" /></testsuite></testsuites>