<?xml version="1.0" encoding="utf-8"?><testsuites name="pytest tests"><testsuite name="pytest" errors="0" failures="3" skipped="0" tests="17" time="124.052" timestamp="2026-03-10T18:33:37.487434+00:00" hostname="agent-env-44627797-f6eb-496d-80e1-1dede510f02d"><testcase classname="backend.tests.test_wallet.TestWalletCreate" name="test_create_wallet_returns_valid_testnet_address" time="0.286" /><testcase classname="backend.tests.test_wallet.TestWalletCreate" name="test_create_wallet_generates_unique_addresses" time="0.290" /><testcase classname="backend.tests.test_wallet.TestWalletCreate" name="test_create_wallet_mainnet_optional" time="0.191" /><testcase classname="backend.tests.test_wallet.TestWalletImport" name="test_import_valid_wif_returns_wallet" time="0.311" /><testcase classname="backend.tests.test_wallet.TestWalletImport" name="test_import_invalid_wif_returns_400" time="0.119" /><testcase classname="backend.tests.test_wallet.TestWalletImport" name="test_import_empty_wif_returns_400" time="0.128"><failure message="assert (200 == 400 or 200 == 422)&#10; +  where 200 = &lt;Response [200]&gt;.status_code&#10; +  and   200 = &lt;Response [200]&gt;.status_code">backend/tests/test_wallet.py:126: in test_import_empty_wif_returns_400
    assert response.status_code == 400 or response.status_code == 422
E   assert (200 == 400 or 200 == 422)
E    +  where 200 = &lt;Response [200]&gt;.status_code
E    +  and   200 = &lt;Response [200]&gt;.status_code</failure></testcase><testcase classname="backend.tests.test_wallet.TestWalletImport" name="test_import_wrong_network_wif" time="0.232" /><testcase classname="backend.tests.test_wallet.TestWalletBalance" name="test_balance_new_unfunded_wallet" time="15.377" /><testcase classname="backend.tests.test_wallet.TestWalletBalance" name="test_balance_returns_tx_count" time="15.314"><failure message="AssertionError: assert 'tx_count' in {'address': 'mmyP2EZny63M9DwM3AzbWq22AzDk8NVTf7', 'balance_btc': 0, 'balance_sats': 0, 'error': ''}">backend/tests/test_wallet.py:190: in test_balance_returns_tx_count
    assert "tx_count" in data
E   AssertionError: assert 'tx_count' in {'address': 'mmyP2EZny63M9DwM3AzbWq22AzDk8NVTf7', 'balance_btc': 0, 'balance_sats': 0, 'error': ''}</failure></testcase><testcase classname="backend.tests.test_wallet.TestWalletBalance" name="test_balance_known_testnet_address" time="15.162"><failure message="AssertionError: assert 'tx_count' in {'address': 'muVrFVk3ErfrnmWosLF4WixxRtDKfMx9bs', 'balance_btc': 0, 'balance_sats': 0, 'error': ''}">backend/tests/test_wallet.py:208: in test_balance_known_testnet_address
    assert "tx_count" in data
E   AssertionError: assert 'tx_count' in {'address': 'muVrFVk3ErfrnmWosLF4WixxRtDKfMx9bs', 'balance_btc': 0, 'balance_sats': 0, 'error': ''}</failure></testcase><testcase classname="backend.tests.test_wallet.TestWalletBalance" name="test_balance_invalid_address_handled" time="15.168" /><testcase classname="backend.tests.test_wallet.TestWalletUtxos" name="test_utxos_new_wallet_empty" time="15.438" /><testcase classname="backend.tests.test_wallet.TestWalletUtxos" name="test_utxos_response_structure" time="15.322" /><testcase classname="backend.tests.test_wallet.TestWalletFaucets" name="test_faucets_returns_list" time="0.144" /><testcase classname="backend.tests.test_wallet.TestWalletFaucets" name="test_faucets_have_name_and_url" time="0.164" /><testcase classname="backend.tests.test_wallet.TestWalletFaucets" name="test_faucets_includes_mempool" time="0.146" /><testcase classname="backend.tests.test_wallet.TestWalletBroadcast" name="test_broadcast_endpoint_exists" time="30.148" /></testsuite></testsuites>