<?xml version="1.0" encoding="utf-8"?><testsuites name="pytest tests"><testsuite name="pytest" errors="0" failures="0" skipped="0" tests="6" time="1.153" timestamp="2026-04-05T01:33:36.407959+00:00" hostname="agent-env-ae3e0cd5-ad72-4b84-93b6-e8db8b514a93"><testcase classname="backend.tests.test_urn_impersonation_iter242.TestUrnVerifyEndpoint" name="test_verify_known_urn_embii" time="0.007" /><testcase classname="backend.tests.test_urn_impersonation_iter242.TestUrnVerifyEndpoint" name="test_verify_urn_response_structure" time="0.004" /><testcase classname="backend.tests.test_urn_impersonation_iter242.TestUrnVerifyEndpoint" name="test_verify_urn_with_different_networks" time="0.007" /><testcase classname="backend.tests.test_urn_impersonation_iter242.TestFeedEndpoint" name="test_feed_returns_sender_urn" time="0.025" /><testcase classname="backend.tests.test_urn_impersonation_iter242.TestProfileEndpoint" name="test_profile_by_address" time="1.058" /><testcase classname="backend.tests.test_urn_impersonation_iter242.TestHealthEndpoint" name="test_health_endpoint" time="0.003" /></testsuite></testsuites>