<?xml version="1.0" encoding="utf-8"?><testsuites name="pytest tests"><testsuite name="pytest" errors="0" failures="0" skipped="0" tests="9" time="11.645" timestamp="2026-04-02T23:06:25.178947+00:00" hostname="agent-env-ae3e0cd5-ad72-4b84-93b6-e8db8b514a93"><testcase classname="tests.test_burned_objects_iter231.TestBurnedObjectFiltering" name="test_health_endpoint" time="0.006" /><testcase classname="tests.test_burned_objects_iter231.TestBurnedObjectFiltering" name="test_search_burned_object_by_name_returns_zero" time="0.264" /><testcase classname="tests.test_burned_objects_iter231.TestBurnedObjectFiltering" name="test_wildcard_search_excludes_burned_object" time="0.039" /><testcase classname="tests.test_burned_objects_iter231.TestBurnedObjectFiltering" name="test_burned_object_detail_page_accessible" time="0.005" /><testcase classname="tests.test_burned_objects_iter231.TestBurnedObjectFiltering" name="test_auto_delta_status_enabled" time="0.003" /><testcase classname="tests.test_burned_objects_iter231.TestBurnedObjectFiltering" name="test_storefront_excludes_burned_objects" time="0.425" /><testcase classname="tests.test_burned_objects_iter231.TestBurnedObjectsRegistry" name="test_burned_set_contains_burned_address" time="10.840" /><testcase classname="tests.test_burned_objects_iter231.TestHeaderStatusDots" name="test_ipfs_health" time="0.003" /><testcase classname="tests.test_burned_objects_iter231.TestHeaderStatusDots" name="test_mesh_nodes_endpoint" time="0.002" /></testsuite></testsuites>