<?xml version="1.0" encoding="utf-8"?><testsuites name="pytest tests"><testsuite name="pytest" errors="0" failures="0" skipped="1" tests="6" time="0.842" timestamp="2026-04-03T15:06:54.963350+00:00" hostname="agent-env-ae3e0cd5-ad72-4b84-93b6-e8db8b514a93"><testcase classname="tests.test_burned_objects_iter237.TestBurnedObjectsFiltering" name="test_owned_objects_excludes_burned" time="0.274" /><testcase classname="tests.test_burned_objects_iter237.TestBurnedObjectsFiltering" name="test_object_counts_excludes_burned" time="0.112" /><testcase classname="tests.test_burned_objects_iter237.TestSingleObjectDetail" name="test_boom_bap_sick_loads" time="0.132" /><testcase classname="tests.test_burned_objects_iter237.TestConfigPriority" name="test_health_endpoint" time="0.124" /><testcase classname="tests.test_burned_objects_iter237.TestConfigPriority" name="test_mempool_priority_in_config" time="0.003" /><testcase classname="tests.test_burned_objects_iter237.TestBurnedObjectsRegistry" name="test_burned_set_endpoint" time="0.141"><skipped type="pytest.skip" message="Burned set endpoint not found">/app/backend/tests/test_burned_objects_iter237.py:156: Burned set endpoint not found</skipped></testcase></testsuite></testsuites>