<?xml version="1.0" encoding="utf-8"?><testsuites name="pytest tests"><testsuite name="pytest" errors="0" failures="0" skipped="0" tests="15" time="15.779" timestamp="2026-03-10T06:03:13.376036+00:00" hostname="agent-env-3a482fef-ccf9-4b0d-a7f7-0ea2fd38d2af"><testcase classname="backend.tests.test_api.TestHealthAndRoot" name="test_root_endpoint" time="0.145" /><testcase classname="backend.tests.test_api.TestHealthAndRoot" name="test_health_endpoint" time="0.109" /><testcase classname="backend.tests.test_api.TestFeedEndpoint" name="test_feed_btc_testnet" time="1.219" /><testcase classname="backend.tests.test_api.TestFeedEndpoint" name="test_feed_pagination" time="2.382" /><testcase classname="backend.tests.test_api.TestSearchEndpoint" name="test_search_hashtag_game" time="0.899" /><testcase classname="backend.tests.test_api.TestSearchEndpoint" name="test_search_embii4u" time="0.696" /><testcase classname="backend.tests.test_api.TestSearchEndpoint" name="test_search_neptunemonk" time="0.729" /><testcase classname="backend.tests.test_api.TestSearchEndpoint" name="test_search_empty_result" time="1.097" /><testcase classname="backend.tests.test_api.TestProfileEndpoint" name="test_get_profile_by_address" time="0.660" /><testcase classname="backend.tests.test_api.TestProfileEndpoint" name="test_get_profile_not_found" time="0.452" /><testcase classname="backend.tests.test_api.TestProfilePostsEndpoint" name="test_profile_posts_pagination" time="1.189" /><testcase classname="backend.tests.test_api.TestOwnedObjectsEndpoint" name="test_owned_objects_pagination" time="1.715" /><testcase classname="backend.tests.test_api.TestOwnedObjectsEndpoint" name="test_owned_objects_load_more" time="3.548" /><testcase classname="backend.tests.test_api.TestResolveEndpoint" name="test_resolve_known_address" time="0.659" /><testcase classname="backend.tests.test_api.TestResolveEndpoint" name="test_resolve_unknown_address" time="0.205" /></testsuite></testsuites>