<?xml version="1.0" encoding="utf-8"?><testsuites name="pytest tests"><testsuite name="pytest" errors="0" failures="0" skipped="0" tests="13" time="4.327" timestamp="2026-04-04T02:27:46.556862+00:00" hostname="agent-env-ae3e0cd5-ad72-4b84-93b6-e8db8b514a93"><testcase classname="backend.tests.test_snapshot_vacuum_controls_iter238.TestSnapshotStatus" name="test_status_returns_200" time="0.159" /><testcase classname="backend.tests.test_snapshot_vacuum_controls_iter238.TestSnapshotStatus" name="test_status_has_vacuum_object" time="0.108" /><testcase classname="backend.tests.test_snapshot_vacuum_controls_iter238.TestSnapshotStatus" name="test_status_has_cache_and_snapshots" time="0.110" /><testcase classname="backend.tests.test_snapshot_vacuum_controls_iter238.TestVacuumStop" name="test_stop_when_not_running" time="0.245" /><testcase classname="backend.tests.test_snapshot_vacuum_controls_iter238.TestVacuumStop" name="test_stop_returns_phase" time="0.115" /><testcase classname="backend.tests.test_snapshot_vacuum_controls_iter238.TestHistoryExport" name="test_export_returns_200" time="0.220" /><testcase classname="backend.tests.test_snapshot_vacuum_controls_iter238.TestHistoryExport" name="test_export_has_required_fields" time="0.233" /><testcase classname="backend.tests.test_snapshot_vacuum_controls_iter238.TestHistoryExport" name="test_export_snapshot_structure" time="0.248" /><testcase classname="backend.tests.test_snapshot_vacuum_controls_iter238.TestHistoryImport" name="test_import_empty_payload" time="0.104" /><testcase classname="backend.tests.test_snapshot_vacuum_controls_iter238.TestHistoryImport" name="test_import_with_test_snapshot" time="0.126" /><testcase classname="backend.tests.test_snapshot_vacuum_controls_iter238.TestHistoryImport" name="test_import_invalid_payload" time="0.108" /><testcase classname="backend.tests.test_snapshot_vacuum_controls_iter238.TestVacuumStartWithNetwork" name="test_vacuum_start_with_testnet" time="1.399" /><testcase classname="backend.tests.test_snapshot_vacuum_controls_iter238.TestIntegrationExportImport" name="test_export_import_roundtrip" time="1.095" /></testsuite></testsuites>