<?xml version="1.0" encoding="utf-8"?><testsuites name="pytest tests"><testsuite name="pytest" errors="0" failures="0" skipped="0" tests="15" time="4.060" timestamp="2026-04-02T01:08:51.664705+00:00" hostname="agent-env-ae3e0cd5-ad72-4b84-93b6-e8db8b514a93"><testcase classname="backend.tests.test_delta_bootstrap_iter223.TestSnapshotStatusTrackedTxids" name="test_status_has_tracked_txids_field" time="0.143" /><testcase classname="backend.tests.test_delta_bootstrap_iter223.TestSnapshotStatusTrackedTxids" name="test_status_tracked_txids_positive" time="0.149" /><testcase classname="backend.tests.test_delta_bootstrap_iter223.TestDeltaSnapshotProduce" name="test_produce_delta_returns_200" time="0.689" /><testcase classname="backend.tests.test_delta_bootstrap_iter223.TestDeltaSnapshotProduce" name="test_produce_delta_returns_delta_type" time="0.635" /><testcase classname="backend.tests.test_delta_bootstrap_iter223.TestDeltaSnapshotProduce" name="test_produce_full_returns_full_type" time="0.115" /><testcase classname="backend.tests.test_delta_bootstrap_iter223.TestAutoBootstrap" name="test_auto_bootstrap_returns_started" time="0.119" /><testcase classname="backend.tests.test_delta_bootstrap_iter223.TestAutoBootstrap" name="test_auto_bootstrap_error_when_running" time="0.735" /><testcase classname="backend.tests.test_delta_bootstrap_iter223.TestBootstrapStatus" name="test_bootstrap_status_returns_200" time="0.127" /><testcase classname="backend.tests.test_delta_bootstrap_iter223.TestBootstrapStatus" name="test_bootstrap_status_has_required_fields" time="0.099" /><testcase classname="backend.tests.test_delta_bootstrap_iter223.TestBootstrapStatus" name="test_bootstrap_status_valid_phase" time="0.106" /><testcase classname="backend.tests.test_delta_bootstrap_iter223.TestLatestCid" name="test_latest_cid_returns_200" time="0.126" /><testcase classname="backend.tests.test_delta_bootstrap_iter223.TestLatestCid" name="test_latest_cid_has_required_fields" time="0.112" /><testcase classname="backend.tests.test_delta_bootstrap_iter223.TestSnapshotChainTypes" name="test_chain_shows_snapshot_types" time="0.107" /><testcase classname="backend.tests.test_delta_bootstrap_iter223.TestSnapshotChainTypes" name="test_chain_has_delta_snapshot" time="0.161" /><testcase classname="backend.tests.test_delta_bootstrap_iter223.TestAdminLogin" name="test_admin_login_works" time="0.584" /></testsuite></testsuites>